2026-04-02 11:35:43 - migration - INFO - Migration started
2026-04-02 11:35:59 - migration - INFO - Dropped table: customers
2026-04-02 11:35:59 - migration - INFO - Dropped table: order_items
2026-04-02 11:35:59 - migration - INFO - Dropped table: orders
2026-04-02 11:35:59 - migration - INFO - Created table: customers
2026-04-02 11:35:59 - migration - INFO - Created table: order_items
2026-04-02 11:35:59 - migration - INFO - Created table: orders
2026-04-02 11:35:59 - migration - INFO - Inserted 20 rows into customers
2026-04-02 11:35:59 - migration - INFO - Inserted 20 rows into order_items
2026-04-02 11:35:59 - migration - INFO - Inserted 20 rows into orders
2026-04-02 11:35:59 - migration - INFO - Applied constraint: ALTER TABLE "order_items" ADD CONSTRAINT "order_items_ibfk_1...
2026-04-02 11:35:59 - migration - INFO - Applied constraint: ALTER TABLE "orders" ADD CONSTRAINT "orders_ibfk_1" FOREIGN ...
2026-04-02 11:36:00 - migration - WARNING - Error creating routine sp_add_customer: type enum does not exist
LINE 1: ... VARCHAR, p_date_of_birth DATE, p_membership_tier ENUM('basi...
                                                             ^

2026-04-02 11:36:00 - migration - WARNING - Error creating routine sp_get_order_details: current transaction is aborted, commands ignored until end of transaction block

2026-04-02 11:36:00 - migration - WARNING - Error creating routine sp_place_order: current transaction is aborted, commands ignored until end of transaction block

2026-04-02 11:36:00 - migration - WARNING - Error creating routine sp_update_customer_metrics: current transaction is aborted, commands ignored until end of transaction block

2026-04-02 11:36:00 - migration - WARNING - Error creating routine fn_customer_active_orders_count: syntax error at or near "DETERMINISTIC"
LINE 2:     DETERMINISTIC
            ^

2026-04-02 11:36:00 - migration - WARNING - Error creating routine fn_customer_avg_order_value: syntax error at or near "DETERMINISTIC"
LINE 2:     DETERMINISTIC
            ^

2026-04-02 11:36:00 - migration - WARNING - Error creating routine fn_customer_lifetime_value: syntax error at or near "DETERMINISTIC"
LINE 2:     DETERMINISTIC
            ^

2026-04-02 11:36:00 - migration - WARNING - Error creating routine fn_monthly_revenue: syntax error at or near "DETERMINISTIC"
LINE 2:     DETERMINISTIC
            ^

2026-04-02 11:36:00 - migration - INFO - Migration completed successfully
