2026-04-02 13:43:57 - migration - INFO - Migration started
2026-04-02 13:44:09 - migration - ERROR - PostgreSQL connection error: connection to server at "localhost" (::1), port 5432 failed: FATAL:  database "restaurant_etl_db" does not exist

2026-04-02 13:44:09 - migration - INFO - Database restaurant_etl_db not found, attempting to create it...
2026-04-02 13:44:10 - migration - INFO - Successfully created database: restaurant_etl_db
2026-04-02 13:44:11 - migration - INFO - Dropped table: menu_items
2026-04-02 13:44:11 - migration - INFO - Dropped table: orders
2026-04-02 13:44:11 - migration - INFO - Dropped table: staff
2026-04-02 13:44:11 - migration - INFO - Created table: menu_items
2026-04-02 13:44:11 - migration - INFO - Created table: orders
2026-04-02 13:44:11 - migration - INFO - Created table: staff
2026-04-02 13:44:11 - migration - INFO - Inserted 5 rows into menu_items
2026-04-02 13:44:11 - migration - INFO - Inserted 5 rows into orders
2026-04-02 13:44:11 - migration - INFO - Inserted 5 rows into staff
2026-04-02 13:44:12 - migration - INFO - Applied constraint: ALTER TABLE "orders" ADD CONSTRAINT "orders_ibfk_1" FOREIGN ...
2026-04-02 13:44:12 - migration - INFO - Created routine: sp_add_staff
2026-04-02 13:44:12 - migration - INFO - Created routine: sp_get_daily_sales
2026-04-02 13:44:12 - migration - INFO - Created routine: sp_place_order
2026-04-02 13:44:12 - migration - INFO - Created routine: sp_update_order_status
2026-04-02 13:44:12 - migration - INFO - Created routine: fn_average_order_value
2026-04-02 13:44:12 - migration - INFO - Created routine: fn_staff_performance
2026-04-02 13:44:12 - migration - INFO - Created routine: fn_total_revenue_today
2026-04-02 13:44:12 - migration - INFO - Migration completed successfully
