2026-04-06 16:45:40 - migration - INFO - Migration started
2026-04-06 16:46:45 - migration - ERROR - PostgreSQL connection error: connection to server at "localhost" (::1), port 5432 failed: FATAL:  database "routine_test_db" does not exist

2026-04-06 16:46:45 - migration - INFO - Database routine_test_db not found, attempting to create it...
2026-04-06 16:46:48 - migration - INFO - Successfully created database: routine_test_db
2026-04-06 16:46:49 - migration - INFO - Dropped table: customers
2026-04-06 16:46:49 - migration - INFO - Dropped table: orders
2026-04-06 16:46:49 - migration - INFO - Dropped table: products
2026-04-06 16:46:49 - migration - INFO - Created table: customers
2026-04-06 16:46:49 - migration - INFO - Created table: orders
2026-04-06 16:46:49 - migration - INFO - Created table: products
2026-04-06 16:46:49 - migration - INFO - Inserted 3 rows into customers
2026-04-06 16:46:49 - migration - INFO - Inserted 3 rows into orders
2026-04-06 16:46:49 - migration - INFO - Inserted 3 rows into products
2026-04-06 16:46:50 - migration - INFO - Applied constraint: ALTER TABLE "orders" ADD CONSTRAINT "orders_ibfk_1" FOREIGN ...
2026-04-06 16:46:50 - migration - INFO - Created routine: add_new_customer
2026-04-06 16:46:50 - migration - INFO - Created routine: place_order
2026-04-06 16:46:50 - migration - INFO - Created routine: restock_low_products
2026-04-06 16:46:50 - migration - INFO - Created routine: calculate_discount
2026-04-06 16:46:50 - migration - INFO - Created routine: get_customer_status
2026-04-06 16:46:50 - migration - INFO - Created routine: get_total_sales
2026-04-06 16:46:50 - migration - INFO - Migration completed successfully
