2026-04-02 13:23:55 - migration - INFO - Migration started
2026-04-02 13:24:13 - migration - INFO - Dropped table: appointments
2026-04-02 13:24:13 - migration - INFO - Dropped table: billing_items
2026-04-02 13:24:13 - migration - INFO - Dropped table: patients
2026-04-02 13:24:13 - migration - INFO - Created table: appointments
2026-04-02 13:24:13 - migration - INFO - Created table: billing_items
2026-04-02 13:24:13 - migration - INFO - Created table: patients
2026-04-02 13:24:13 - migration - INFO - Inserted 5 rows into appointments
2026-04-02 13:24:13 - migration - INFO - Inserted 5 rows into billing_items
2026-04-02 13:24:14 - migration - INFO - Inserted 5 rows into patients
2026-04-02 13:24:14 - migration - INFO - Applied constraint: ALTER TABLE "appointments" ADD CONSTRAINT "appointments_ibfk...
2026-04-02 13:24:14 - migration - INFO - Applied constraint: ALTER TABLE "billing_items" ADD CONSTRAINT "billing_items_ib...
2026-04-02 13:24:14 - migration - INFO - Created routine: sp_add_patient
2026-04-02 13:24:14 - migration - INFO - Created routine: sp_book_appointment
2026-04-02 13:24:14 - migration - INFO - Created routine: sp_get_patient_history
2026-04-02 13:24:14 - migration - INFO - Created routine: sp_update_patient_billing
2026-04-02 13:24:14 - migration - INFO - Created routine: fn_monthly_revenue
2026-04-02 13:24:14 - migration - INFO - Created routine: fn_patient_total_due
2026-04-02 13:24:14 - migration - INFO - Created routine: fn_patient_visit_count
2026-04-02 13:24:14 - migration - INFO - Migration completed successfully
