2026-04-02 14:16:18 - migration - INFO - Migration started
2026-04-02 14:16:38 - migration - ERROR - PostgreSQL connection error: connection to server at "localhost" (::1), port 5432 failed: FATAL:  database "advanced_etl_db" does not exist

2026-04-02 14:16:38 - migration - INFO - Database advanced_etl_db not found, attempting to create it...
2026-04-02 14:16:39 - migration - INFO - Successfully created database: advanced_etl_db
2026-04-02 14:16:40 - migration - INFO - Dropped table: customers
2026-04-02 14:16:40 - migration - INFO - Dropped table: order_items
2026-04-02 14:16:40 - migration - INFO - Dropped table: orders
2026-04-02 14:16:40 - migration - INFO - Dropped table: products
2026-04-02 14:16:40 - migration - INFO - Created table: customers
2026-04-02 14:16:40 - migration - INFO - Created table: order_items
2026-04-02 14:16:40 - migration - INFO - Created table: orders
2026-04-02 14:16:40 - migration - INFO - Created table: products
2026-04-02 14:16:41 - migration - INFO - Inserted 5 rows into customers
2026-04-02 14:16:41 - migration - INFO - Inserted 5 rows into order_items
2026-04-02 14:16:41 - migration - INFO - Inserted 5 rows into orders
2026-04-02 14:16:41 - migration - INFO - Inserted 5 rows into products
2026-04-02 14:16:41 - migration - INFO - Applied constraint: ALTER TABLE "order_items" ADD CONSTRAINT "order_items_ibfk_1...
2026-04-02 14:16:41 - migration - INFO - Applied constraint: ALTER TABLE "order_items" ADD CONSTRAINT "order_items_ibfk_2...
2026-04-02 14:16:41 - migration - INFO - Applied constraint: ALTER TABLE "orders" ADD CONSTRAINT "orders_ibfk_1" FOREIGN ...
2026-04-02 14:16:41 - migration - WARNING - Error creating routine sp_place_order_complex: syntax error at or near "SIGNAL"
LINE 14:         SIGNAL SQLSTATE '45000' 
                 ^

2026-04-02 14:16:41 - migration - INFO - Created routine: sp_update_customer_metadata
2026-04-02 14:16:41 - migration - INFO - Created routine: fn_customer_lifetime_value
2026-04-02 14:16:41 - migration - INFO - Created routine: fn_total_revenue_by_status
2026-04-02 14:16:41 - migration - INFO - Migration completed successfully
