2026-04-04 20:58:36 - migration - INFO - Migration started
2026-04-04 20:58:52 - migration - WARNING - Table creation error for customers: relation "customers" already exists

2026-04-04 20:58:52 - migration - WARNING - Table creation error for order_items: relation "order_items" already exists

2026-04-04 20:58:52 - migration - WARNING - Table creation error for orders: relation "orders" already exists

2026-04-04 20:58:52 - migration - WARNING - Insert error for customers: duplicate key value violates unique constraint "customers_pkey"
DETAIL:  Key (customer_id)=(1) already exists.

2026-04-04 20:58:52 - migration - WARNING - Insert error for order_items: duplicate key value violates unique constraint "order_items_pkey"
DETAIL:  Key (item_id)=(1) already exists.

2026-04-04 20:58:52 - migration - WARNING - Insert error for orders: duplicate key value violates unique constraint "orders_pkey"
DETAIL:  Key (order_id)=(1) already exists.

2026-04-04 20:58:52 - migration - INFO - Created routine: sp_add_customer
2026-04-04 20:58:52 - migration - INFO - Created routine: sp_get_order_details
2026-04-04 20:58:52 - migration - INFO - Created routine: sp_place_order
2026-04-04 20:58:52 - migration - INFO - Created routine: sp_update_customer_metrics
2026-04-04 20:58:53 - migration - INFO - Created routine: calculate_discount
2026-04-04 20:58:53 - migration - INFO - Created routine: fn_customer_active_orders_count
2026-04-04 20:58:53 - migration - INFO - Created routine: fn_customer_avg_order_value
2026-04-04 20:58:53 - migration - INFO - Created routine: fn_customer_lifetime_value
2026-04-04 20:58:53 - migration - INFO - Created routine: fn_monthly_revenue
2026-04-04 20:58:53 - migration - INFO - Migration completed successfully
