2026-04-02 15:42:31 - migration - INFO - Migration started
2026-04-02 15:42:49 - migration - ERROR - PostgreSQL connection error: connection to server at "localhost" (::1), port 5432 failed: FATAL:  database "final_test_etl_db" does not exist

2026-04-02 15:42:49 - migration - INFO - Database final_test_etl_db not found, attempting to create it...
2026-04-02 15:42:50 - migration - INFO - Successfully created database: final_test_etl_db
2026-04-02 15:42:50 - migration - INFO - Dropped table: customers
2026-04-02 15:42:50 - migration - INFO - Dropped table: order_items
2026-04-02 15:42:50 - migration - INFO - Dropped table: orders
2026-04-02 15:42:50 - migration - INFO - Dropped table: products
2026-04-02 15:42:50 - migration - INFO - Created table: customers
2026-04-02 15:42:50 - migration - INFO - Created table: order_items
2026-04-02 15:42:50 - migration - INFO - Created table: orders
2026-04-02 15:42:50 - migration - INFO - Created table: products
2026-04-02 15:42:50 - migration - INFO - Inserted 5 rows into customers
2026-04-02 15:42:50 - migration - INFO - Inserted 5 rows into order_items
2026-04-02 15:42:50 - migration - INFO - Inserted 5 rows into orders
2026-04-02 15:42:50 - migration - INFO - Inserted 5 rows into products
2026-04-02 15:42:51 - migration - INFO - Applied constraint: ALTER TABLE "order_items" ADD CONSTRAINT "order_items_ibfk_1...
2026-04-02 15:42:51 - migration - INFO - Applied constraint: ALTER TABLE "order_items" ADD CONSTRAINT "order_items_ibfk_2...
2026-04-02 15:42:51 - migration - INFO - Applied constraint: ALTER TABLE "orders" ADD CONSTRAINT "orders_ibfk_1" FOREIGN ...
2026-04-02 15:42:51 - migration - INFO - Created routine: sp_place_order_complex
2026-04-02 15:42:51 - migration - INFO - Created routine: sp_update_customer_preferences
2026-04-02 15:42:51 - migration - INFO - Created routine: fn_active_customer_count
2026-04-02 15:42:51 - migration - INFO - Created routine: fn_customer_lifetime_value
2026-04-02 15:42:51 - migration - INFO - Created routine: fn_total_revenue_by_status
2026-04-02 15:42:51 - migration - INFO - Migration completed successfully
